Lab 8/Source/vr_application/sdk-simplevideowidget/build/outputs/logs/manifest-merger-debug-report.txt
-- Merging decision tree log ---
manifest
ADDED from src\main\AndroidManifest.xml:2:1-28:12
	package
		ADDED from src\main\AndroidManifest.xml:3:7-60
	android:versionName
		ADDED from src\main\AndroidManifest.xml:5:7-35
		INJECTED from src\main\AndroidManifest.xml
		INJECTED from src\main\AndroidManifest.xml
	android:versionCode
		ADDED from src\main\AndroidManifest.xml:4:7-38
		INJECTED from src\main\AndroidManifest.xml
		INJECTED from src\main\AndroidManifest.xml
	xmlns:android
		ADDED from src\main\AndroidManifest.xml:2:11-69
uses-sdk
ADDED from src\main\AndroidManifest.xml:7:5-74
MERGED from [com.google.vr:sdk-videowidget:1.20.0] AndroidManifest.xml:3:5-73
MERGED from [com.google.android.exoplayer:exoplayer:r2.1.0] AndroidManifest.xml:21:5-23:41
MERGED from [com.google.vr:sdk-commonwidget:1.20.0] AndroidManifest.xml:3:5-73
MERGED from [com.google.vr:sdk-common:1.20.0] AndroidManifest.xml:3:5-73
	android:targetSdkVersion
		ADDED from src\main\AndroidManifest.xml:7:42-71
		INJECTED from src\main\AndroidManifest.xml
		INJECTED from src\main\AndroidManifest.xml
	android:minSdkVersion
		ADDED from src\main\AndroidManifest.xml:7:15-41
		INJECTED from src\main\AndroidManifest.xml
		INJECTED from src\main\AndroidManifest.xml
application
ADDED from src\main\AndroidManifest.xml:10:5-23:19
	android:label
		ADDED from src\main\AndroidManifest.xml:10:18-55
	android:largeHeap
		ADDED from src\main\AndroidManifest.xml:11:7-31
	android:theme
		ADDED from src\main\AndroidManifest.xml:12:7-54
activity#com.google.vr.sdk.samples.simplevideowidget.SimpleVrVideoActivity
ADDED from src\main\AndroidManifest.xml:14:9-22:20
	android:launchMode
		ADDED from src\main\AndroidManifest.xml:15:11-42
	android:name
		ADDED from src\main\AndroidManifest.xml:14:19-56
intent-filter#android.intent.action.MAIN+android.intent.category.LAUNCHER+com.google.intent.category.CARDBOARD
ADDED from src\main\AndroidManifest.xml:16:13-21:29
action#android.intent.action.MAIN
ADDED from src\main\AndroidManifest.xml:18:17-69
	android:name
		ADDED from src\main\AndroidManifest.xml:18:25-66
category#android.intent.category.LAUNCHER
ADDED from src\main\AndroidManifest.xml:19:17-77
	android:name
		ADDED from src\main\AndroidManifest.xml:19:27-74
category#com.google.intent.category.CARDBOARD
ADDED from src\main\AndroidManifest.xml:20:17-81
	android:name
		ADDED from src\main\AndroidManifest.xml:20:27-78
uses-permission#android.permission.INTERNET
ADDED from src\main\AndroidManifest.xml:26:5-67
	android:name
		ADDED from src\main\AndroidManifest.xml:26:22-64
uses-permission#android.permission.READ_EXTERNAL_STORAGE
ADDED from src\main\AndroidManifest.xml:27:5-80
	android:name
		ADDED from src\main\AndroidManifest.xml:27:22-77